

*******************************************************************************
Tue Dec 11 14:24:54 2018


FIT:    data read from 'fichier' using (log($1)):(log($2))
        format = x:z
        #datapoints = 199
        residuals are weighted equally (unit weight)

function used for fitting: f(x)
	f(x) = lc - gamma * x
fitted parameters initialized with current variable values

iter      chisq       delta/lim  lambda   lc            gamma        
   0 7.9034085045e+03   0.00e+00  3.22e+00    1.000000e+00   1.000000e+00
   4 7.3525679675e+01  -1.58e-08  3.22e-04    2.342408e+00   2.705388e+00

After 4 iterations the fit converged.
final sum of squares of residuals : 73.5257
rel. change during last iteration : -1.58101e-13

degrees of freedom    (FIT_NDF)                        : 197
rms of residuals      (FIT_STDFIT) = sqrt(WSSR/ndf)    : 0.610923
variance of residuals (reduced chisquare) = WSSR/ndf   : 0.373227

Final set of parameters            Asymptotic Standard Error
=======================            ==========================
lc              = 2.34241          +/- 0.1971       (8.414%)
gamma           = 2.70539          +/- 0.04437      (1.64%)

correlation matrix of the fit parameters:
                lc     gamma  
lc              1.000 
gamma           0.976  1.000 


*******************************************************************************
Tue Dec 11 14:26:30 2018


FIT:    data read from 'fichier' using (log($1)):(log($2))
        format = x:z
        #datapoints = 199
        residuals are weighted equally (unit weight)

function used for fitting: f(x)
	f(x) = lc - gamma * x
fitted parameters initialized with current variable values

iter      chisq       delta/lim  lambda   lc            gamma        
   0 7.9034085045e+03   0.00e+00  3.22e+00    1.000000e+00   1.000000e+00
   4 7.3525679675e+01  -1.58e-08  3.22e-04    2.342408e+00   2.705388e+00

After 4 iterations the fit converged.
final sum of squares of residuals : 73.5257
rel. change during last iteration : -1.58101e-13

degrees of freedom    (FIT_NDF)                        : 197
rms of residuals      (FIT_STDFIT) = sqrt(WSSR/ndf)    : 0.610923
variance of residuals (reduced chisquare) = WSSR/ndf   : 0.373227

Final set of parameters            Asymptotic Standard Error
=======================            ==========================
lc              = 2.34241          +/- 0.1971       (8.414%)
gamma           = 2.70539          +/- 0.04437      (1.64%)

correlation matrix of the fit parameters:
                lc     gamma  
lc              1.000 
gamma           0.976  1.000 


*******************************************************************************
Fri Dec 14 10:53:08 2018


FIT:    data read from 'fichier' using (log($1)):(log($2))
        format = x:z
        #datapoints = 199
        residuals are weighted equally (unit weight)

function used for fitting: f(x)
	f(x) = lc - gamma * x
fitted parameters initialized with current variable values

iter      chisq       delta/lim  lambda   lc            gamma        
   0 7.9034085045e+03   0.00e+00  3.22e+00    1.000000e+00   1.000000e+00
   4 7.3525679675e+01  -1.58e-08  3.22e-04    2.342408e+00   2.705388e+00

After 4 iterations the fit converged.
final sum of squares of residuals : 73.5257
rel. change during last iteration : -1.58101e-13

degrees of freedom    (FIT_NDF)                        : 197
rms of residuals      (FIT_STDFIT) = sqrt(WSSR/ndf)    : 0.610923
variance of residuals (reduced chisquare) = WSSR/ndf   : 0.373227

Final set of parameters            Asymptotic Standard Error
=======================            ==========================
lc              = 2.34241          +/- 0.1971       (8.414%)
gamma           = 2.70539          +/- 0.04437      (1.64%)

correlation matrix of the fit parameters:
                lc     gamma  
lc              1.000 
gamma           0.976  1.000 


*******************************************************************************
Fri Dec 14 10:53:59 2018


FIT:    data read from 'fichier' using (log($1)):(log($2))
        format = x:z
        #datapoints = 199
        residuals are weighted equally (unit weight)

function used for fitting: f(x)
	f(x) = lc - gamma * x
fitted parameters initialized with current variable values

iter      chisq       delta/lim  lambda   lc            gamma        
   0 7.9034085045e+03   0.00e+00  3.22e+00    1.000000e+00   1.000000e+00
   4 7.3525679675e+01  -1.58e-08  3.22e-04    2.342408e+00   2.705388e+00

After 4 iterations the fit converged.
final sum of squares of residuals : 73.5257
rel. change during last iteration : -1.58101e-13

degrees of freedom    (FIT_NDF)                        : 197
rms of residuals      (FIT_STDFIT) = sqrt(WSSR/ndf)    : 0.610923
variance of residuals (reduced chisquare) = WSSR/ndf   : 0.373227

Final set of parameters            Asymptotic Standard Error
=======================            ==========================
lc              = 2.34241          +/- 0.1971       (8.414%)
gamma           = 2.70539          +/- 0.04437      (1.64%)

correlation matrix of the fit parameters:
                lc     gamma  
lc              1.000 
gamma           0.976  1.000 


*******************************************************************************
Fri Dec 14 10:54:53 2018


FIT:    data read from 'fichier' using (log($1)):(log($2))
        format = x:z
        #datapoints = 199
        residuals are weighted equally (unit weight)

function used for fitting: f(x)
	f(x) = lc - gamma * x
fitted parameters initialized with current variable values

iter      chisq       delta/lim  lambda   lc            gamma        
   0 7.9034085045e+03   0.00e+00  3.22e+00    1.000000e+00   1.000000e+00
   4 7.3525679675e+01  -1.58e-08  3.22e-04    2.342408e+00   2.705388e+00

After 4 iterations the fit converged.
final sum of squares of residuals : 73.5257
rel. change during last iteration : -1.58101e-13

degrees of freedom    (FIT_NDF)                        : 197
rms of residuals      (FIT_STDFIT) = sqrt(WSSR/ndf)    : 0.610923
variance of residuals (reduced chisquare) = WSSR/ndf   : 0.373227

Final set of parameters            Asymptotic Standard Error
=======================            ==========================
lc              = 2.34241          +/- 0.1971       (8.414%)
gamma           = 2.70539          +/- 0.04437      (1.64%)

correlation matrix of the fit parameters:
                lc     gamma  
lc              1.000 
gamma           0.976  1.000 


*******************************************************************************
Fri Dec 14 10:55:23 2018


FIT:    data read from 'fichier' using (log($1)):(log($2))
        format = x:z
        #datapoints = 199
        residuals are weighted equally (unit weight)

function used for fitting: f(x)
	f(x) = lc - gamma * x
fitted parameters initialized with current variable values

iter      chisq       delta/lim  lambda   lc            gamma        
   0 7.9034085045e+03   0.00e+00  3.22e+00    1.000000e+00   1.000000e+00
   4 7.3525679675e+01  -1.58e-08  3.22e-04    2.342408e+00   2.705388e+00

After 4 iterations the fit converged.
final sum of squares of residuals : 73.5257
rel. change during last iteration : -1.58101e-13

degrees of freedom    (FIT_NDF)                        : 197
rms of residuals      (FIT_STDFIT) = sqrt(WSSR/ndf)    : 0.610923
variance of residuals (reduced chisquare) = WSSR/ndf   : 0.373227

Final set of parameters            Asymptotic Standard Error
=======================            ==========================
lc              = 2.34241          +/- 0.1971       (8.414%)
gamma           = 2.70539          +/- 0.04437      (1.64%)

correlation matrix of the fit parameters:
                lc     gamma  
lc              1.000 
gamma           0.976  1.000 


*******************************************************************************
Fri Dec 14 10:56:21 2018


FIT:    data read from 'fichier' using (log($1)):(log($2))
        format = x:z
        #datapoints = 199
        residuals are weighted equally (unit weight)

function used for fitting: f(x)
	f(x) = lc - gamma * x
fitted parameters initialized with current variable values

iter      chisq       delta/lim  lambda   lc            gamma        
   0 7.9034085045e+03   0.00e+00  3.22e+00    1.000000e+00   1.000000e+00
   4 7.3525679675e+01  -1.58e-08  3.22e-04    2.342408e+00   2.705388e+00

After 4 iterations the fit converged.
final sum of squares of residuals : 73.5257
rel. change during last iteration : -1.58101e-13

degrees of freedom    (FIT_NDF)                        : 197
rms of residuals      (FIT_STDFIT) = sqrt(WSSR/ndf)    : 0.610923
variance of residuals (reduced chisquare) = WSSR/ndf   : 0.373227

Final set of parameters            Asymptotic Standard Error
=======================            ==========================
lc              = 2.34241          +/- 0.1971       (8.414%)
gamma           = 2.70539          +/- 0.04437      (1.64%)

correlation matrix of the fit parameters:
                lc     gamma  
lc              1.000 
gamma           0.976  1.000 


*******************************************************************************
Fri Dec 14 11:01:40 2018


FIT:    data read from 'fichier' using (log($1)):(log($2))
        format = x:z
        #datapoints = 199
        residuals are weighted equally (unit weight)

function used for fitting: f(x)
	f(x) = lc - gamma * x
fitted parameters initialized with current variable values

iter      chisq       delta/lim  lambda   lc            gamma        
   0 7.9034085045e+03   0.00e+00  3.22e+00    1.000000e+00   1.000000e+00
   4 7.3525679675e+01  -1.58e-08  3.22e-04    2.342408e+00   2.705388e+00

After 4 iterations the fit converged.
final sum of squares of residuals : 73.5257
rel. change during last iteration : -1.58101e-13

degrees of freedom    (FIT_NDF)                        : 197
rms of residuals      (FIT_STDFIT) = sqrt(WSSR/ndf)    : 0.610923
variance of residuals (reduced chisquare) = WSSR/ndf   : 0.373227

Final set of parameters            Asymptotic Standard Error
=======================            ==========================
lc              = 2.34241          +/- 0.1971       (8.414%)
gamma           = 2.70539          +/- 0.04437      (1.64%)

correlation matrix of the fit parameters:
                lc     gamma  
lc              1.000 
gamma           0.976  1.000 


*******************************************************************************
Fri Dec 14 11:02:32 2018


FIT:    data read from 'fichier' using (log($1)):(log($2))
        format = x:z
        #datapoints = 199
        residuals are weighted equally (unit weight)

function used for fitting: f(x)
	f(x) = lc - gamma * x
fitted parameters initialized with current variable values

iter      chisq       delta/lim  lambda   lc            gamma        
   0 7.9034085045e+03   0.00e+00  3.22e+00    1.000000e+00   1.000000e+00
   4 7.3525679675e+01  -1.58e-08  3.22e-04    2.342408e+00   2.705388e+00

After 4 iterations the fit converged.
final sum of squares of residuals : 73.5257
rel. change during last iteration : -1.58101e-13

degrees of freedom    (FIT_NDF)                        : 197
rms of residuals      (FIT_STDFIT) = sqrt(WSSR/ndf)    : 0.610923
variance of residuals (reduced chisquare) = WSSR/ndf   : 0.373227

Final set of parameters            Asymptotic Standard Error
=======================            ==========================
lc              = 2.34241          +/- 0.1971       (8.414%)
gamma           = 2.70539          +/- 0.04437      (1.64%)

correlation matrix of the fit parameters:
                lc     gamma  
lc              1.000 
gamma           0.976  1.000 


*******************************************************************************
Fri Dec 14 11:05:24 2018


FIT:    data read from 'fichier' using (log($1)):(log($2))
        format = x:z
        x range restricted to [0.100000 : 345.000]
        #datapoints = 198
        residuals are weighted equally (unit weight)

function used for fitting: f(x)
fitted parameters initialized with current variable values



*******************************************************************************
Sat Dec 15 10:14:17 2018


FIT:    data read from 'fichier'
        format = z
        #datapoints = 199
        residuals are weighted equally (unit weight)

function used for fitting: f(x)
	f(x) = lc - gamma * x
BREAK: Need via and either parameter list or file

*******************************************************************************
Sat Dec 15 10:14:47 2018


FIT:    data read from 'fichier' using (log($1)):(log($2))
        format = x:z
        #datapoints = 199
        residuals are weighted equally (unit weight)

function used for fitting: f(x)
	f(x) = lc - gamma * x
fitted parameters initialized with current variable values

iter      chisq       delta/lim  lambda   lc            gamma        
   0 7.9034085045e+03   0.00e+00  3.22e+00    1.000000e+00   1.000000e+00
   4 7.3525679675e+01  -1.58e-08  3.22e-04    2.342408e+00   2.705388e+00

After 4 iterations the fit converged.
final sum of squares of residuals : 73.5257
rel. change during last iteration : -1.58101e-13

degrees of freedom    (FIT_NDF)                        : 197
rms of residuals      (FIT_STDFIT) = sqrt(WSSR/ndf)    : 0.610923
variance of residuals (reduced chisquare) = WSSR/ndf   : 0.373227

Final set of parameters            Asymptotic Standard Error
=======================            ==========================
lc              = 2.34241          +/- 0.1971       (8.414%)
gamma           = 2.70539          +/- 0.04437      (1.64%)

correlation matrix of the fit parameters:
                lc     gamma  
lc              1.000 
gamma           0.976  1.000 


*******************************************************************************
Sat Dec 15 10:15:26 2018


FIT:    data read from 'fichier' using (log($1)):(log($2))
        format = x:z
        #datapoints = 199
        residuals are weighted equally (unit weight)

function used for fitting: f(x)
	f(x) = lc - gamma * x
fitted parameters initialized with current variable values

iter      chisq       delta/lim  lambda   lc            gamma        
   0 7.9034085045e+03   0.00e+00  3.22e+00    1.000000e+00   1.000000e+00
   4 7.3525679675e+01  -1.58e-08  3.22e-04    2.342408e+00   2.705388e+00

After 4 iterations the fit converged.
final sum of squares of residuals : 73.5257
rel. change during last iteration : -1.58101e-13

degrees of freedom    (FIT_NDF)                        : 197
rms of residuals      (FIT_STDFIT) = sqrt(WSSR/ndf)    : 0.610923
variance of residuals (reduced chisquare) = WSSR/ndf   : 0.373227

Final set of parameters            Asymptotic Standard Error
=======================            ==========================
lc              = 2.34241          +/- 0.1971       (8.414%)
gamma           = 2.70539          +/- 0.04437      (1.64%)

correlation matrix of the fit parameters:
                lc     gamma  
lc              1.000 
gamma           0.976  1.000 


*******************************************************************************
Sat Dec 15 10:19:15 2018


FIT:    data read from 'fichier' using (log($1)):(log($2))
        format = x:z
        #datapoints = 199
        residuals are weighted equally (unit weight)

function used for fitting: f(x)
	f(x) = lc - gamma * x
fitted parameters initialized with current variable values

iter      chisq       delta/lim  lambda   lc            gamma        
   0 7.9034085045e+03   0.00e+00  3.22e+00    1.000000e+00   1.000000e+00
   4 7.3525679675e+01  -1.58e-08  3.22e-04    2.342408e+00   2.705388e+00

After 4 iterations the fit converged.
final sum of squares of residuals : 73.5257
rel. change during last iteration : -1.58101e-13

degrees of freedom    (FIT_NDF)                        : 197
rms of residuals      (FIT_STDFIT) = sqrt(WSSR/ndf)    : 0.610923
variance of residuals (reduced chisquare) = WSSR/ndf   : 0.373227

Final set of parameters            Asymptotic Standard Error
=======================            ==========================
lc              = 2.34241          +/- 0.1971       (8.414%)
gamma           = 2.70539          +/- 0.04437      (1.64%)

correlation matrix of the fit parameters:
                lc     gamma  
lc              1.000 
gamma           0.976  1.000 


*******************************************************************************
Sun Dec 16 02:19:52 2018


FIT:    data read from 'all_in_one' using (log($1)):(log($2))
        format = x:z
        #datapoints = 199
        residuals are weighted equally (unit weight)

function used for fitting: f(x)
	f(x) = lc - gamma * x
fitted parameters initialized with current variable values

iter      chisq       delta/lim  lambda   lc            gamma        
   0 7.9034085045e+03   0.00e+00  3.22e+00    1.000000e+00   1.000000e+00
   4 7.3525679675e+01  -1.58e-08  3.22e-04    2.342408e+00   2.705388e+00

After 4 iterations the fit converged.
final sum of squares of residuals : 73.5257
rel. change during last iteration : -1.58101e-13

degrees of freedom    (FIT_NDF)                        : 197
rms of residuals      (FIT_STDFIT) = sqrt(WSSR/ndf)    : 0.610923
variance of residuals (reduced chisquare) = WSSR/ndf   : 0.373227

Final set of parameters            Asymptotic Standard Error
=======================            ==========================
lc              = 2.34241          +/- 0.1971       (8.414%)
gamma           = 2.70539          +/- 0.04437      (1.64%)

correlation matrix of the fit parameters:
                lc     gamma  
lc              1.000 
gamma           0.976  1.000 


*******************************************************************************
Sun Dec 16 02:20:40 2018


FIT:    data read from 'all_in_one' using (log($1)):(log($2))
        format = x:z
        x range restricted to [0.00000 : 345.000]
        #datapoints = 199
        residuals are weighted equally (unit weight)

function used for fitting: f(x)
	f(x) = lc - gamma * x
fitted parameters initialized with current variable values

iter      chisq       delta/lim  lambda   lc            gamma        
   0 7.9034085045e+03   0.00e+00  3.22e+00    1.000000e+00   1.000000e+00
   4 7.3525679675e+01  -1.58e-08  3.22e-04    2.342408e+00   2.705388e+00

After 4 iterations the fit converged.
final sum of squares of residuals : 73.5257
rel. change during last iteration : -1.58101e-13

degrees of freedom    (FIT_NDF)                        : 197
rms of residuals      (FIT_STDFIT) = sqrt(WSSR/ndf)    : 0.610923
variance of residuals (reduced chisquare) = WSSR/ndf   : 0.373227

Final set of parameters            Asymptotic Standard Error
=======================            ==========================
lc              = 2.34241          +/- 0.1971       (8.414%)
gamma           = 2.70539          +/- 0.04437      (1.64%)

correlation matrix of the fit parameters:
                lc     gamma  
lc              1.000 
gamma           0.976  1.000 


*******************************************************************************
Sun Dec 16 02:21:34 2018


FIT:    data read from 'all_in_one' using (log($1)):(log($2))
        format = x:z
        #datapoints = 199
        residuals are weighted equally (unit weight)

function used for fitting: f(x)
	f(x) = lc - gamma * x
fitted parameters initialized with current variable values

iter      chisq       delta/lim  lambda   lc            gamma        
   0 7.9034085045e+03   0.00e+00  3.22e+00    1.000000e+00   1.000000e+00
   4 7.3525679675e+01  -1.58e-08  3.22e-04    2.342408e+00   2.705388e+00

After 4 iterations the fit converged.
final sum of squares of residuals : 73.5257
rel. change during last iteration : -1.58101e-13

degrees of freedom    (FIT_NDF)                        : 197
rms of residuals      (FIT_STDFIT) = sqrt(WSSR/ndf)    : 0.610923
variance of residuals (reduced chisquare) = WSSR/ndf   : 0.373227

Final set of parameters            Asymptotic Standard Error
=======================            ==========================
lc              = 2.34241          +/- 0.1971       (8.414%)
gamma           = 2.70539          +/- 0.04437      (1.64%)

correlation matrix of the fit parameters:
                lc     gamma  
lc              1.000 
gamma           0.976  1.000 


*******************************************************************************
Sun Dec 16 02:23:49 2018


FIT:    data read from 'all_in_one' using (log($1)):(log($2))
        format = x:z
        #datapoints = 199
        residuals are weighted equally (unit weight)

function used for fitting: f(x)
	f(x) = lc - gamma * x
fitted parameters initialized with current variable values

iter      chisq       delta/lim  lambda   lc            gamma        
   0 7.9034085045e+03   0.00e+00  3.22e+00    1.000000e+00   1.000000e+00
   4 7.3525679675e+01  -1.58e-08  3.22e-04    2.342408e+00   2.705388e+00

After 4 iterations the fit converged.
final sum of squares of residuals : 73.5257
rel. change during last iteration : -1.58101e-13

degrees of freedom    (FIT_NDF)                        : 197
rms of residuals      (FIT_STDFIT) = sqrt(WSSR/ndf)    : 0.610923
variance of residuals (reduced chisquare) = WSSR/ndf   : 0.373227

Final set of parameters            Asymptotic Standard Error
=======================            ==========================
lc              = 2.34241          +/- 0.1971       (8.414%)
gamma           = 2.70539          +/- 0.04437      (1.64%)

correlation matrix of the fit parameters:
                lc     gamma  
lc              1.000 
gamma           0.976  1.000 


*******************************************************************************
Sun Dec 16 02:23:57 2018


FIT:    data read from 'all_in_one' using (log($1)):(log($2))
        format = x:z
        #datapoints = 199
        residuals are weighted equally (unit weight)

function used for fitting: f(x)
	f(x) = lc - gamma * x
fitted parameters initialized with current variable values

iter      chisq       delta/lim  lambda   lc            gamma        
   0 7.9034085045e+03   0.00e+00  3.22e+00    1.000000e+00   1.000000e+00
   4 7.3525679675e+01  -1.58e-08  3.22e-04    2.342408e+00   2.705388e+00

After 4 iterations the fit converged.
final sum of squares of residuals : 73.5257
rel. change during last iteration : -1.58101e-13

degrees of freedom    (FIT_NDF)                        : 197
rms of residuals      (FIT_STDFIT) = sqrt(WSSR/ndf)    : 0.610923
variance of residuals (reduced chisquare) = WSSR/ndf   : 0.373227

Final set of parameters            Asymptotic Standard Error
=======================            ==========================
lc              = 2.34241          +/- 0.1971       (8.414%)
gamma           = 2.70539          +/- 0.04437      (1.64%)

correlation matrix of the fit parameters:
                lc     gamma  
lc              1.000 
gamma           0.976  1.000 


*******************************************************************************
Sun Dec 16 02:24:50 2018


FIT:    data read from 'all_in_one' using (log($1)):(log($2))
        format = x:z
        #datapoints = 199
        residuals are weighted equally (unit weight)

function used for fitting: f(x)
	f(x) = lc - gamma * x
fitted parameters initialized with current variable values

iter      chisq       delta/lim  lambda   lc            gamma        
   0 7.9034085045e+03   0.00e+00  3.22e+00    1.000000e+00   1.000000e+00
   4 7.3525679675e+01  -1.58e-08  3.22e-04    2.342408e+00   2.705388e+00

After 4 iterations the fit converged.
final sum of squares of residuals : 73.5257
rel. change during last iteration : -1.58101e-13

degrees of freedom    (FIT_NDF)                        : 197
rms of residuals      (FIT_STDFIT) = sqrt(WSSR/ndf)    : 0.610923
variance of residuals (reduced chisquare) = WSSR/ndf   : 0.373227

Final set of parameters            Asymptotic Standard Error
=======================            ==========================
lc              = 2.34241          +/- 0.1971       (8.414%)
gamma           = 2.70539          +/- 0.04437      (1.64%)

correlation matrix of the fit parameters:
                lc     gamma  
lc              1.000 
gamma           0.976  1.000 


*******************************************************************************
Sun Dec 16 02:29:16 2018


FIT:    data read from 'all_in_one' using (log($1)):(log($2))
        format = x:z
        x range restricted to [0.00000 : 345.000]
        #datapoints = 199
        residuals are weighted equally (unit weight)

function used for fitting: f(x)
	f(x) = lc - gamma * x
fitted parameters initialized with current variable values

iter      chisq       delta/lim  lambda   lc            gamma        
   0 7.9034085045e+03   0.00e+00  3.22e+00    1.000000e+00   1.000000e+00
   4 7.3525679675e+01  -1.58e-08  3.22e-04    2.342408e+00   2.705388e+00

After 4 iterations the fit converged.
final sum of squares of residuals : 73.5257
rel. change during last iteration : -1.58101e-13

degrees of freedom    (FIT_NDF)                        : 197
rms of residuals      (FIT_STDFIT) = sqrt(WSSR/ndf)    : 0.610923
variance of residuals (reduced chisquare) = WSSR/ndf   : 0.373227

Final set of parameters            Asymptotic Standard Error
=======================            ==========================
lc              = 2.34241          +/- 0.1971       (8.414%)
gamma           = 2.70539          +/- 0.04437      (1.64%)

correlation matrix of the fit parameters:
                lc     gamma  
lc              1.000 
gamma           0.976  1.000 


*******************************************************************************
Sun Dec 16 02:30:32 2018


FIT:    data read from 'all_in_one' using (log($1)):(log($2))
        format = x:z
        #datapoints = 199
        residuals are weighted equally (unit weight)

function used for fitting: f(x)
	f(x) = lc - gamma * x
fitted parameters initialized with current variable values

iter      chisq       delta/lim  lambda   lc            gamma        
   0 7.9034085045e+03   0.00e+00  3.22e+00    1.000000e+00   1.000000e+00
   4 7.3525679675e+01  -1.58e-08  3.22e-04    2.342408e+00   2.705388e+00

After 4 iterations the fit converged.
final sum of squares of residuals : 73.5257
rel. change during last iteration : -1.58101e-13

degrees of freedom    (FIT_NDF)                        : 197
rms of residuals      (FIT_STDFIT) = sqrt(WSSR/ndf)    : 0.610923
variance of residuals (reduced chisquare) = WSSR/ndf   : 0.373227

Final set of parameters            Asymptotic Standard Error
=======================            ==========================
lc              = 2.34241          +/- 0.1971       (8.414%)
gamma           = 2.70539          +/- 0.04437      (1.64%)

correlation matrix of the fit parameters:
                lc     gamma  
lc              1.000 
gamma           0.976  1.000 


*******************************************************************************
Sun Dec 16 02:30:38 2018


FIT:    data read from 'all_in_one' using (log($1)):(log($2))
        format = x:z
        #datapoints = 199
        residuals are weighted equally (unit weight)

function used for fitting: f(x)
	f(x) = lc - gamma * x
fitted parameters initialized with current variable values

iter      chisq       delta/lim  lambda   lc            gamma        
   0 7.9034085045e+03   0.00e+00  3.22e+00    1.000000e+00   1.000000e+00
   4 7.3525679675e+01  -1.58e-08  3.22e-04    2.342408e+00   2.705388e+00

After 4 iterations the fit converged.
final sum of squares of residuals : 73.5257
rel. change during last iteration : -1.58101e-13

degrees of freedom    (FIT_NDF)                        : 197
rms of residuals      (FIT_STDFIT) = sqrt(WSSR/ndf)    : 0.610923
variance of residuals (reduced chisquare) = WSSR/ndf   : 0.373227

Final set of parameters            Asymptotic Standard Error
=======================            ==========================
lc              = 2.34241          +/- 0.1971       (8.414%)
gamma           = 2.70539          +/- 0.04437      (1.64%)

correlation matrix of the fit parameters:
                lc     gamma  
lc              1.000 
gamma           0.976  1.000 


*******************************************************************************
Sun Dec 16 02:31:14 2018


FIT:    data read from 'all_in_one' using (log($1)):(log($2))
        format = x:z
        #datapoints = 199
        residuals are weighted equally (unit weight)

function used for fitting: f(x)
	f(x) = lc - gamma * x
fitted parameters initialized with current variable values

iter      chisq       delta/lim  lambda   lc            gamma        
   0 7.9034085045e+03   0.00e+00  3.22e+00    1.000000e+00   1.000000e+00
   4 7.3525679675e+01  -1.58e-08  3.22e-04    2.342408e+00   2.705388e+00

After 4 iterations the fit converged.
final sum of squares of residuals : 73.5257
rel. change during last iteration : -1.58101e-13

degrees of freedom    (FIT_NDF)                        : 197
rms of residuals      (FIT_STDFIT) = sqrt(WSSR/ndf)    : 0.610923
variance of residuals (reduced chisquare) = WSSR/ndf   : 0.373227

Final set of parameters            Asymptotic Standard Error
=======================            ==========================
lc              = 2.34241          +/- 0.1971       (8.414%)
gamma           = 2.70539          +/- 0.04437      (1.64%)

correlation matrix of the fit parameters:
                lc     gamma  
lc              1.000 
gamma           0.976  1.000 
